<?xml version="1.0" encoding="UTF-8"?>
<testsuite name="org.scoula.RestaurantTest" tests="1" skipped="0" failures="0" errors="0" timestamp="2025-06-10T04:36:01" hostname="MacBook-Air.local" time="0.004">
  <properties/>
  <testcase name="getChef()" classname="org.scoula.RestaurantTest" time="0.004"/>
  <system-out><![CDATA[ INFO  org.springframework.test.context.support.DefaultTestContextBootstrapper(getDefaultTestExecutionListenerClassNames:245) - Loaded default TestExecutionListener class names from location [META-INF/spring.factories]: [org.springframework.test.context.web.ServletTestExecutionListener, org.springframework.test.context.support.DirtiesContextBeforeModesTestExecutionListener, org.springframework.test.context.event.ApplicationEventsTestExecutionListener, org.springframework.test.context.support.DependencyInjectionTestExecutionListener, org.springframework.test.context.support.DirtiesContextTestExecutionListener, org.springframework.test.context.transaction.TransactionalTestExecutionListener, org.springframework.test.context.jdbc.SqlScriptsTestExecutionListener, org.springframework.test.context.event.EventPublishingTestExecutionListener]
 INFO  org.springframework.test.context.support.DefaultTestContextBootstrapper(getTestExecutionListeners:174) - Using TestExecutionListeners: [org.springframework.test.context.web.ServletTestExecutionListener@a68df9, org.springframework.test.context.support.DirtiesContextBeforeModesTestExecutionListener@28b576a9, org.springframework.test.context.event.ApplicationEventsTestExecutionListener@7cf7aee, org.springframework.test.context.support.DependencyInjectionTestExecutionListener@2f6bbeb0, org.springframework.test.context.support.DirtiesContextTestExecutionListener@1b1637e1, org.springframework.test.context.event.EventPublishingTestExecutionListener@18151a14]
 INFO  org.scoula.RestaurantTest(getChef:24) - Restaurant(chef=org.scoula.Chef@351e414e)
 INFO  org.scoula.RestaurantTest(getChef:25) - org.scoula.Chef@351e414e
]]></system-out>
  <system-err><![CDATA[]]></system-err>
</testsuite>
